<?xml version="1.0" encoding="UTF-8"?>
<testng-results ignored="0" total="4" passed="4" failed="0" skipped="0">
  <reporter-output>
  </reporter-output>
  <suite started-at="2025-07-02T11:23:35 IST" name="Suite" finished-at="2025-07-02T11:23:35 IST" duration-ms="176">
    <groups>
    </groups>
    <test started-at="2025-07-02T11:23:35 IST" name="Test" finished-at="2025-07-02T11:23:35 IST" duration-ms="176">
      <class name="pac2.DeleteTest">
        <test-method signature="deleteContactTest()[pri:0, instance:pac2.DeleteTest@55182842]" started-at="2025-07-02T11:23:35 IST" name="deleteContactTest" finished-at="2025-07-02T11:23:35 IST" duration-ms="16" status="PASS">
          <reporter-output>
          </reporter-output>
        </test-method> <!-- deleteContactTest -->
        <test-method signature="deleteOrgTest()[pri:0, instance:pac2.DeleteTest@55182842]" started-at="2025-07-02T11:23:35 IST" name="deleteOrgTest" finished-at="2025-07-02T11:23:35 IST" duration-ms="7" status="PASS">
          <reporter-output>
          </reporter-output>
        </test-method> <!-- deleteOrgTest -->
      </class> <!-- pac2.DeleteTest -->
      <class name="pac1.CreateTest">
        <test-method signature="createContactTest()[pri:0, instance:pac1.CreateTest@77888435]" started-at="2025-07-02T11:23:35 IST" name="createContactTest" finished-at="2025-07-02T11:23:35 IST" duration-ms="4" status="PASS">
          <reporter-output>
          </reporter-output>
        </test-method> <!-- createContactTest -->
        <test-method signature="createOrgTest()[pri:0, instance:pac1.CreateTest@77888435]" started-at="2025-07-02T11:23:35 IST" name="createOrgTest" finished-at="2025-07-02T11:23:35 IST" duration-ms="5" status="PASS">
          <reporter-output>
          </reporter-output>
        </test-method> <!-- createOrgTest -->
      </class> <!-- pac1.CreateTest -->
    </test> <!-- Test -->
  </suite> <!-- Suite -->
</testng-results>
