<?xml version="1.0" encoding="UTF-8"?>
<testng-results ignored="0" total="2" passed="2" failed="0" skipped="0">
  <reporter-output>
  </reporter-output>
  <suite started-at="2025-07-02T10:46:32 IST" name="Default suite" finished-at="2025-07-02T10:46:32 IST" duration-ms="133">
    <groups>
    </groups>
    <test started-at="2025-07-02T10:46:32 IST" name="Default test" finished-at="2025-07-02T10:46:32 IST" duration-ms="133">
      <class name="pac2.DeleteTest">
        <test-method signature="deleteContactTest()[pri:0, instance:pac2.DeleteTest@1aafa419]" started-at="2025-07-02T10:46:32 IST" name="deleteContactTest" finished-at="2025-07-02T10:46:32 IST" duration-ms="17" status="PASS">
          <reporter-output>
          </reporter-output>
        </test-method> <!-- deleteContactTest -->
        <test-method signature="deleteOrgTest()[pri:0, instance:pac2.DeleteTest@1aafa419]" started-at="2025-07-02T10:46:32 IST" name="deleteOrgTest" finished-at="2025-07-02T10:46:32 IST" duration-ms="10" status="PASS">
          <reporter-output>
          </reporter-output>
        </test-method> <!-- deleteOrgTest -->
      </class> <!-- pac2.DeleteTest -->
    </test> <!-- Default test -->
  </suite> <!-- Default suite -->
</testng-results>
