<?xml version="1.0" encoding="UTF-8"?>
<!-- Generated by org.testng.reporters.JUnitXMLReporter -->
<testsuite ignored="0" hostname="Mariyan" failures="0" tests="4" name="Test" time="0.176" errors="0" timestamp="2025-07-02T11:23:35 IST">
  <testcase classname="pac2.DeleteTest" name="deleteContactTest" time="0.016"/>
  <testcase classname="pac2.DeleteTest" name="deleteOrgTest" time="0.007"/>
  <testcase classname="pac1.CreateTest" name="createContactTest" time="0.004"/>
  <testcase classname="pac1.CreateTest" name="createOrgTest" time="0.005"/>
</testsuite> <!-- Test -->
